<?xml version="1.0" encoding="UTF-8"?>
<testsuite xmlns:xsi="http://www.w3.org/2001/XMLSchema-instance" xsi:noNamespaceSchemaLocation="https://maven.apache.org/surefire/maven-surefire-plugin/xsd/surefire-test-report.xsd" version="3.0.2" name="com.learning.totp.web.TotpControllerTest" time="0.645" tests="7" errors="0" skipped="0" failures="0" flakes="0">
  <properties>
[...]
</properties>
  <testcase name="qrCodeReturnsPngImage" classname="com.learning.totp.web.TotpControllerTest" time="0.02">
    <system-out><![CDATA[2026-06-22T19:18:30.314+01:00  INFO 33102 --- [learning-utility] [           main] t.c.s.AnnotationConfigContextLoaderUtils : Could not detect default configuration classes for test class [com.learning.totp.web.TotpControllerTest]: TotpControllerTest does not declare any static, non-private, non-final, nested classes annotated with @Configuration.
2026-06-22T19:18:30.356+01:00  INFO 33102 --- [learning-utility] [           main] .b.t.c.SpringBootTestContextBootstrapper : Found @SpringBootConfiguration com.learning.LearningUtilityApplication for test class com.learning.totp.web.TotpControllerTest
2026-06-22T19:18:30.358+01:00  INFO 33102 --- [learning-utility] [           main] t.c.s.AnnotationConfigContextLoaderUtils : Could not detect default configuration classes for test class [com.learning.totp.web.TotpControllerTest]: TotpControllerTest does not declare any static, non-private, non-final, nested classes annotated with @Configuration.
2026-06-22T19:18:30.368+01:00  INFO 33102 --- [learning-utility] [           main] .b.t.c.SpringBootTestContextBootstrapper : Found @SpringBootConfiguration com.learning.LearningUtilityApplication for test class com.learning.totp.web.TotpControllerTest
2026-06-22T19:18:30.374+01:00  INFO 33102 --- [learning-utility] [           main] o.s.b.d.r.RestartApplicationListener     : Restart disabled due to context in which it is running

2026-06-22T19:18:30.410+01:00  INFO 33102 --- [learning-utility] [           main] c.learning.totp.web.TotpControllerTest   : Starting TotpControllerTest using Java 26.0.1 with PID 33102 (started by himansu in /Users/himansu/REPOS/learning-utility)
2026-06-22T19:18:30.410+01:00 DEBUG 33102 --- [learning-utility] [           main] c.learning.totp.web.TotpControllerTest   : Running with Spring Boot v4.1.0, Spring v7.0.8
2026-06-22T19:18:30.410+01:00  INFO 33102 --- [learning-utility] [           main] c.learning.totp.web.TotpControllerTest   : No active profile set, falling back to 1 default profile: "default"
2026-06-22T19:18:30.738+01:00  INFO 33102 --- [learning-utility] [           main] o.s.b.t.m.w.SpringBootMockServletContext : Initializing Spring TestDispatcherServlet ''
2026-06-22T19:18:30.738+01:00  INFO 33102 --- [learning-utility] [           main] o.s.t.web.servlet.TestDispatcherServlet  : Initializing Servlet ''
2026-06-22T19:18:30.740+01:00  INFO 33102 --- [learning-utility] [           main] o.s.t.web.servlet.TestDispatcherServlet  : Completed initialization in 1 ms
2026-06-22T19:18:30.750+01:00  INFO 33102 --- [learning-utility] [           main] c.learning.totp.web.TotpControllerTest   : Started TotpControllerTest in 0.376 seconds (process running for 12.536)
]]></system-out>
  </testcase>
  <testcase name="verifyWithInvalidCodeFormatReturns400" classname="com.learning.totp.web.TotpControllerTest" time="0.112"/>
  <testcase name="generateWithBlankAccountNameReturns400" classname="com.learning.totp.web.TotpControllerTest" time="0.012"/>
  <testcase name="verifyReturns200" classname="com.learning.totp.web.TotpControllerTest" time="0.01"/>
  <testcase name="qrCodeUnknownAccountReturns404" classname="com.learning.totp.web.TotpControllerTest" time="0.01"/>
  <testcase name="verifyUnknownAccountReturns404" classname="com.learning.totp.web.TotpControllerTest" time="0.008"/>
  <testcase name="generateReturns200" classname="com.learning.totp.web.TotpControllerTest" time="0.009"/>
</testsuite>